# Logfile created on 2014-01-08 23:46:25 -0800 by logger.rb/v1.2.7
I, [2014-01-08T23:46:25.450196 #6574]  INFO -- : 0:  mime-types (2.0) from /home/user/.rvm/gems/ruby-head/specifications/mime-types-2.0.gemspec
I, [2014-01-08T23:46:25.474733 #6574]  INFO -- : 0:  mini_portile (0.5.2) from /home/user/.rvm/gems/ruby-head/specifications/mini_portile-0.5.2.gemspec
I, [2014-01-08T23:46:25.476900 #6574]  INFO -- : 0:  nokogiri (1.6.1) from /home/user/.rvm/gems/ruby-head/specifications/nokogiri-1.6.1.gemspec
I, [2014-01-08T23:46:25.478615 #6574]  INFO -- : 0:  rack (1.5.2) from /home/user/.rvm/gems/ruby-head/specifications/rack-1.5.2.gemspec
I, [2014-01-08T23:46:25.481533 #6574]  INFO -- : 0:  rack-test (0.6.2) from /home/user/.rvm/gems/ruby-head/specifications/rack-test-0.6.2.gemspec
I, [2014-01-08T23:46:25.487540 #6574]  INFO -- : 0:  xpath (2.0.0) from /home/user/.rvm/gems/ruby-head/specifications/xpath-2.0.0.gemspec
I, [2014-01-08T23:46:28.804211 #6574]  INFO -- : 0:  capybara (2.2.0) from /home/user/.rvm/gems/ruby-head/bundler/gems/capybara-60683d9054b4/capybara.gemspec
I, [2014-01-08T23:46:28.812506 #6574]  INFO -- : 0:  diff-lcs (1.2.5) from /home/user/.rvm/gems/ruby-head/specifications/diff-lcs-1.2.5.gemspec
I, [2014-01-08T23:46:28.820243 #6574]  INFO -- : 0:  unf_ext (0.0.6) from /home/user/.rvm/gems/ruby-head/specifications/unf_ext-0.0.6.gemspec
I, [2014-01-08T23:46:28.825152 #6574]  INFO -- : 0:  unf (0.1.3) from /home/user/.rvm/gems/ruby-head/specifications/unf-0.1.3.gemspec
I, [2014-01-08T23:46:28.828254 #6574]  INFO -- : 0:  domain_name (0.5.15) from /home/user/.rvm/gems/ruby-head/specifications/domain_name-0.5.15.gemspec
I, [2014-01-08T23:46:28.833719 #6574]  INFO -- : 0:  http-cookie (1.0.2) from /home/user/.rvm/gems/ruby-head/specifications/http-cookie-1.0.2.gemspec
I, [2014-01-08T23:46:28.836160 #6574]  INFO -- : 0:  logger (1.2.8) from /home/user/.rvm/gems/ruby-head/specifications/logger-1.2.8.gemspec
I, [2014-01-08T23:46:28.849858 #6574]  INFO -- : 0:  net-http-digest_auth (1.4) from /home/user/.rvm/gems/ruby-head/specifications/net-http-digest_auth-1.4.gemspec
I, [2014-01-08T23:46:28.860885 #6574]  INFO -- : 0:  net-http-persistent (2.9) from /home/user/.rvm/gems/ruby-head/specifications/net-http-persistent-2.9.gemspec
I, [2014-01-08T23:46:28.866314 #6574]  INFO -- : 0:  ntlm-http (0.1.1) from /home/user/.rvm/gems/ruby-head/specifications/ntlm-http-0.1.1.gemspec
I, [2014-01-08T23:46:28.877010 #6574]  INFO -- : 0:  webrobots (0.1.1) from /home/user/.rvm/gems/ruby-head/specifications/webrobots-0.1.1.gemspec
I, [2014-01-08T23:46:28.901180 #6574]  INFO -- : 0:  mechanize (2.7.3) from /home/user/.rvm/gems/ruby-head/specifications/mechanize-2.7.3.gemspec
I, [2014-01-08T23:46:28.910341 #6574]  INFO -- : 0:  mysql2 (0.3.14) from /home/user/.rvm/gems/ruby-head/specifications/mysql2-0.3.14.gemspec
I, [2014-01-08T23:46:28.914974 #6574]  INFO -- : 0:  rspec-core (2.14.7) from /home/user/.rvm/gems/ruby-head/specifications/rspec-core-2.14.7.gemspec
I, [2014-01-08T23:46:28.918660 #6574]  INFO -- : 0:  rspec-expectations (2.14.4) from /home/user/.rvm/gems/ruby-head/specifications/rspec-expectations-2.14.4.gemspec
I, [2014-01-08T23:46:28.925932 #6574]  INFO -- : 0:  rspec-mocks (2.14.4) from /home/user/.rvm/gems/ruby-head/specifications/rspec-mocks-2.14.4.gemspec
I, [2014-01-08T23:46:28.940945 #6574]  INFO -- : 0:  rspec (2.14.1) from /home/user/.rvm/gems/ruby-head/specifications/rspec-2.14.1.gemspec
I, [2014-01-08T23:46:28.941938 #6574]  INFO -- : 0:  sequel (4.5.0) from /home/user/.rvm/gems/ruby-head/specifications/sequel-4.5.0.gemspec
I, [2014-01-08T23:46:29.097590 #6574]  INFO -- : 0:  sequel_helper (0.0.1) from /home/user/.rvm/gems/ruby-head/bundler/gems/sequel_helper-b1ec806735c1/sequel_helper.gemspec
I, [2014-01-08T23:46:29.125165 #6574]  INFO -- : 0:  bundler (1.5.1) from /home/user/.rvm/gems/ruby-head/specifications/bundler-1.5.1.gemspec
I, [2014-01-08T23:46:57.035914 #6576]  INFO -- : 0:  mime-types (2.0) from /home/user/.rvm/gems/ruby-head/specifications/mime-types-2.0.gemspec
I, [2014-01-08T23:46:57.060431 #6576]  INFO -- : 0:  mini_portile (0.5.2) from /home/user/.rvm/gems/ruby-head/specifications/mini_portile-0.5.2.gemspec
I, [2014-01-08T23:46:57.068974 #6576]  INFO -- : 0:  nokogiri (1.6.1) from /home/user/.rvm/gems/ruby-head/specifications/nokogiri-1.6.1.gemspec
I, [2014-01-08T23:46:57.084302 #6576]  INFO -- : 0:  rack (1.5.2) from /home/user/.rvm/gems/ruby-head/specifications/rack-1.5.2.gemspec
I, [2014-01-08T23:46:57.086303 #6576]  INFO -- : 0:  rack-test (0.6.2) from /home/user/.rvm/gems/ruby-head/specifications/rack-test-0.6.2.gemspec
I, [2014-01-08T23:46:57.089751 #6576]  INFO -- : 0:  xpath (2.0.0) from /home/user/.rvm/gems/ruby-head/specifications/xpath-2.0.0.gemspec
I, [2014-01-08T23:46:58.008124 #6576]  INFO -- : 0:  capybara (2.2.0) from /home/user/.rvm/gems/ruby-head/bundler/gems/capybara-743a117241e2/capybara.gemspec
I, [2014-01-08T23:46:58.058783 #6576]  INFO -- : 0:  diff-lcs (1.2.5) from /home/user/.rvm/gems/ruby-head/specifications/diff-lcs-1.2.5.gemspec
I, [2014-01-08T23:46:58.070962 #6576]  INFO -- : 0:  unf_ext (0.0.6) from /home/user/.rvm/gems/ruby-head/specifications/unf_ext-0.0.6.gemspec
I, [2014-01-08T23:46:58.072865 #6576]  INFO -- : 0:  unf (0.1.3) from /home/user/.rvm/gems/ruby-head/specifications/unf-0.1.3.gemspec
I, [2014-01-08T23:46:58.074419 #6576]  INFO -- : 0:  domain_name (0.5.15) from /home/user/.rvm/gems/ruby-head/specifications/domain_name-0.5.15.gemspec
I, [2014-01-08T23:46:58.086771 #6576]  INFO -- : 0:  http-cookie (1.0.2) from /home/user/.rvm/gems/ruby-head/specifications/http-cookie-1.0.2.gemspec
I, [2014-01-08T23:46:58.089027 #6576]  INFO -- : 0:  logger (1.2.8) from /home/user/.rvm/gems/ruby-head/specifications/logger-1.2.8.gemspec
I, [2014-01-08T23:46:58.090326 #6576]  INFO -- : 0:  net-http-digest_auth (1.4) from /home/user/.rvm/gems/ruby-head/specifications/net-http-digest_auth-1.4.gemspec
I, [2014-01-08T23:46:58.091624 #6576]  INFO -- : 0:  net-http-persistent (2.9) from /home/user/.rvm/gems/ruby-head/specifications/net-http-persistent-2.9.gemspec
I, [2014-01-08T23:46:58.097588 #6576]  INFO -- : 0:  ntlm-http (0.1.1) from /home/user/.rvm/gems/ruby-head/specifications/ntlm-http-0.1.1.gemspec
I, [2014-01-08T23:46:58.103705 #6576]  INFO -- : 0:  webrobots (0.1.1) from /home/user/.rvm/gems/ruby-head/specifications/webrobots-0.1.1.gemspec
I, [2014-01-08T23:46:58.108840 #6576]  INFO -- : 0:  mechanize (2.7.3) from /home/user/.rvm/gems/ruby-head/specifications/mechanize-2.7.3.gemspec
I, [2014-01-08T23:46:58.114253 #6576]  INFO -- : 0:  mysql2 (0.3.14) from /home/user/.rvm/gems/ruby-head/specifications/mysql2-0.3.14.gemspec
I, [2014-01-08T23:46:58.119297 #6576]  INFO -- : 0:  rspec-core (2.14.7) from /home/user/.rvm/gems/ruby-head/specifications/rspec-core-2.14.7.gemspec
I, [2014-01-08T23:46:58.121031 #6576]  INFO -- : 0:  rspec-expectations (2.14.4) from /home/user/.rvm/gems/ruby-head/specifications/rspec-expectations-2.14.4.gemspec
I, [2014-01-08T23:46:58.133604 #6576]  INFO -- : 0:  rspec-mocks (2.14.4) from /home/user/.rvm/gems/ruby-head/specifications/rspec-mocks-2.14.4.gemspec
I, [2014-01-08T23:46:58.139796 #6576]  INFO -- : 0:  rspec (2.14.1) from /home/user/.rvm/gems/ruby-head/specifications/rspec-2.14.1.gemspec
I, [2014-01-08T23:46:58.148821 #6576]  INFO -- : 0:  sequel (4.6.0) from /home/user/.rvm/gems/ruby-head/specifications/sequel-4.6.0.gemspec
I, [2014-01-08T23:46:58.271802 #6576]  INFO -- : 0:  sequel_helper (0.0.1) from /home/user/.rvm/gems/ruby-head/bundler/gems/sequel_helper-616e53d031b2/sequel_helper.gemspec
I, [2014-01-08T23:46:58.288152 #6576]  INFO -- : 0:  bundler (1.5.1) from /home/user/.rvm/gems/ruby-head/specifications/bundler-1.5.1.gemspec
I, [2014-01-09T17:08:52.843004 #7449]  INFO -- : 0:  mime-types (2.0) from /home/user/.rvm/gems/ruby-head/specifications/mime-types-2.0.gemspec
I, [2014-01-09T17:08:52.856097 #7449]  INFO -- : 0:  mini_portile (0.5.2) from /home/user/.rvm/gems/ruby-head/specifications/mini_portile-0.5.2.gemspec
I, [2014-01-09T17:08:52.856698 #7449]  INFO -- : 0:  nokogiri (1.6.1) from /home/user/.rvm/gems/ruby-head/specifications/nokogiri-1.6.1.gemspec
I, [2014-01-09T17:08:52.857433 #7449]  INFO -- : 0:  rack (1.5.2) from /home/user/.rvm/gems/ruby-head/specifications/rack-1.5.2.gemspec
I, [2014-01-09T17:08:52.858695 #7449]  INFO -- : 0:  rack-test (0.6.2) from /home/user/.rvm/gems/ruby-head/specifications/rack-test-0.6.2.gemspec
I, [2014-01-09T17:08:52.868094 #7449]  INFO -- : 0:  xpath (2.0.0) from /home/user/.rvm/gems/ruby-head/specifications/xpath-2.0.0.gemspec
I, [2014-01-09T17:08:53.573327 #7449]  INFO -- : 0:  capybara (2.2.0) from /home/user/.rvm/gems/ruby-head/bundler/gems/capybara-743a117241e2/capybara.gemspec
I, [2014-01-09T17:08:53.596138 #7449]  INFO -- : 0:  diff-lcs (1.2.5) from /home/user/.rvm/gems/ruby-head/specifications/diff-lcs-1.2.5.gemspec
I, [2014-01-09T17:08:53.606756 #7449]  INFO -- : 0:  unf_ext (0.0.6) from /home/user/.rvm/gems/ruby-head/specifications/unf_ext-0.0.6.gemspec
I, [2014-01-09T17:08:53.611965 #7449]  INFO -- : 0:  unf (0.1.3) from /home/user/.rvm/gems/ruby-head/specifications/unf-0.1.3.gemspec
I, [2014-01-09T17:08:53.612942 #7449]  INFO -- : 0:  domain_name (0.5.15) from /home/user/.rvm/gems/ruby-head/specifications/domain_name-0.5.15.gemspec
I, [2014-01-09T17:08:53.613893 #7449]  INFO -- : 0:  http-cookie (1.0.2) from /home/user/.rvm/gems/ruby-head/specifications/http-cookie-1.0.2.gemspec
I, [2014-01-09T17:08:53.618723 #7449]  INFO -- : 0:  logger (1.2.8) from /home/user/.rvm/gems/ruby-head/specifications/logger-1.2.8.gemspec
I, [2014-01-09T17:08:53.621227 #7449]  INFO -- : 0:  net-http-digest_auth (1.4) from /home/user/.rvm/gems/ruby-head/specifications/net-http-digest_auth-1.4.gemspec
I, [2014-01-09T17:08:53.622125 #7449]  INFO -- : 0:  net-http-persistent (2.9) from /home/user/.rvm/gems/ruby-head/specifications/net-http-persistent-2.9.gemspec
I, [2014-01-09T17:08:53.634775 #7449]  INFO -- : 0:  ntlm-http (0.1.1) from /home/user/.rvm/gems/ruby-head/specifications/ntlm-http-0.1.1.gemspec
I, [2014-01-09T17:08:53.645799 #7449]  INFO -- : 0:  webrobots (0.1.1) from /home/user/.rvm/gems/ruby-head/specifications/webrobots-0.1.1.gemspec
I, [2014-01-09T17:08:53.648077 #7449]  INFO -- : 0:  mechanize (2.7.3) from /home/user/.rvm/gems/ruby-head/specifications/mechanize-2.7.3.gemspec
I, [2014-01-09T17:08:53.649319 #7449]  INFO -- : 0:  mysql2 (0.3.14) from /home/user/.rvm/gems/ruby-head/specifications/mysql2-0.3.14.gemspec
I, [2014-01-09T17:08:53.653070 #7449]  INFO -- : 0:  rspec-core (2.14.7) from /home/user/.rvm/gems/ruby-head/specifications/rspec-core-2.14.7.gemspec
I, [2014-01-09T17:08:53.660140 #7449]  INFO -- : 0:  rspec-expectations (2.14.4) from /home/user/.rvm/gems/ruby-head/specifications/rspec-expectations-2.14.4.gemspec
I, [2014-01-09T17:08:53.662645 #7449]  INFO -- : 0:  rspec-mocks (2.14.4) from /home/user/.rvm/gems/ruby-head/specifications/rspec-mocks-2.14.4.gemspec
I, [2014-01-09T17:08:53.674287 #7449]  INFO -- : 0:  rspec (2.14.1) from /home/user/.rvm/gems/ruby-head/specifications/rspec-2.14.1.gemspec
I, [2014-01-09T17:08:53.677012 #7449]  INFO -- : 0:  sequel (4.6.0) from /home/user/.rvm/gems/ruby-head/specifications/sequel-4.6.0.gemspec
I, [2014-01-09T17:08:53.744478 #7449]  INFO -- : 0:  sequel_helper (0.0.1) from /home/user/.rvm/gems/ruby-head/bundler/gems/sequel_helper-e8cca6ad57ef/sequel_helper.gemspec
I, [2014-01-09T17:08:53.752642 #7449]  INFO -- : 0:  bundler (1.5.1) from /home/user/.rvm/gems/ruby-head/specifications/bundler-1.5.1.gemspec
I, [2014-01-09T17:08:55.878416 #7482]  INFO -- : 0:  mime-types (2.0) from /home/user/.rvm/gems/ruby-head/specifications/mime-types-2.0.gemspec
I, [2014-01-09T17:08:55.899258 #7482]  INFO -- : 0:  mini_portile (0.5.2) from /home/user/.rvm/gems/ruby-head/specifications/mini_portile-0.5.2.gemspec
I, [2014-01-09T17:08:55.902496 #7482]  INFO -- : 0:  nokogiri (1.6.1) from /home/user/.rvm/gems/ruby-head/specifications/nokogiri-1.6.1.gemspec
I, [2014-01-09T17:08:55.916391 #7482]  INFO -- : 0:  rack (1.5.2) from /home/user/.rvm/gems/ruby-head/specifications/rack-1.5.2.gemspec
I, [2014-01-09T17:08:55.918778 #7482]  INFO -- : 0:  rack-test (0.6.2) from /home/user/.rvm/gems/ruby-head/specifications/rack-test-0.6.2.gemspec
I, [2014-01-09T17:08:55.925074 #7482]  INFO -- : 0:  xpath (2.0.0) from /home/user/.rvm/gems/ruby-head/specifications/xpath-2.0.0.gemspec
I, [2014-01-09T17:08:56.426769 #7482]  INFO -- : 0:  capybara (2.2.0) from /home/user/.rvm/gems/ruby-head/bundler/gems/capybara-743a117241e2/capybara.gemspec
I, [2014-01-09T17:08:56.445567 #7482]  INFO -- : 0:  diff-lcs (1.2.5) from /home/user/.rvm/gems/ruby-head/specifications/diff-lcs-1.2.5.gemspec
I, [2014-01-09T17:08:56.463701 #7482]  INFO -- : 0:  unf_ext (0.0.6) from /home/user/.rvm/gems/ruby-head/specifications/unf_ext-0.0.6.gemspec
I, [2014-01-09T17:08:56.470662 #7482]  INFO -- : 0:  unf (0.1.3) from /home/user/.rvm/gems/ruby-head/specifications/unf-0.1.3.gemspec
I, [2014-01-09T17:08:56.480676 #7482]  INFO -- : 0:  domain_name (0.5.15) from /home/user/.rvm/gems/ruby-head/specifications/domain_name-0.5.15.gemspec
I, [2014-01-09T17:08:56.488344 #7482]  INFO -- : 0:  http-cookie (1.0.2) from /home/user/.rvm/gems/ruby-head/specifications/http-cookie-1.0.2.gemspec
I, [2014-01-09T17:08:56.492934 #7482]  INFO -- : 0:  logger (1.2.8) from /home/user/.rvm/gems/ruby-head/specifications/logger-1.2.8.gemspec
I, [2014-01-09T17:08:56.507751 #7482]  INFO -- : 0:  net-http-digest_auth (1.4) from /home/user/.rvm/gems/ruby-head/specifications/net-http-digest_auth-1.4.gemspec
I, [2014-01-09T17:08:56.524547 #7482]  INFO -- : 0:  net-http-persistent (2.9) from /home/user/.rvm/gems/ruby-head/specifications/net-http-persistent-2.9.gemspec
I, [2014-01-09T17:08:56.526412 #7482]  INFO -- : 0:  ntlm-http (0.1.1) from /home/user/.rvm/gems/ruby-head/specifications/ntlm-http-0.1.1.gemspec
I, [2014-01-09T17:08:56.526976 #7482]  INFO -- : 0:  webrobots (0.1.1) from /home/user/.rvm/gems/ruby-head/specifications/webrobots-0.1.1.gemspec
I, [2014-01-09T17:08:56.533018 #7482]  INFO -- : 0:  mechanize (2.7.3) from /home/user/.rvm/gems/ruby-head/specifications/mechanize-2.7.3.gemspec
I, [2014-01-09T17:08:56.538717 #7482]  INFO -- : 0:  mysql2 (0.3.14) from /home/user/.rvm/gems/ruby-head/specifications/mysql2-0.3.14.gemspec
I, [2014-01-09T17:08:56.547443 #7482]  INFO -- : 0:  rspec-core (2.14.7) from /home/user/.rvm/gems/ruby-head/specifications/rspec-core-2.14.7.gemspec
I, [2014-01-09T17:08:56.549113 #7482]  INFO -- : 0:  rspec-expectations (2.14.4) from /home/user/.rvm/gems/ruby-head/specifications/rspec-expectations-2.14.4.gemspec
I, [2014-01-09T17:08:56.550910 #7482]  INFO -- : 0:  rspec-mocks (2.14.4) from /home/user/.rvm/gems/ruby-head/specifications/rspec-mocks-2.14.4.gemspec
I, [2014-01-09T17:08:56.562979 #7482]  INFO -- : 0:  rspec (2.14.1) from /home/user/.rvm/gems/ruby-head/specifications/rspec-2.14.1.gemspec
I, [2014-01-09T17:08:56.565044 #7482]  INFO -- : 0:  sequel (4.6.0) from /home/user/.rvm/gems/ruby-head/specifications/sequel-4.6.0.gemspec
I, [2014-01-09T17:08:56.659593 #7482]  INFO -- : 0:  sequel_helper (0.0.1) from /home/user/.rvm/gems/ruby-head/bundler/gems/sequel_helper-e8cca6ad57ef/sequel_helper.gemspec
I, [2014-01-09T17:08:56.665993 #7482]  INFO -- : 0:  bundler (1.5.1) from /home/user/.rvm/gems/ruby-head/specifications/bundler-1.5.1.gemspec
